<?xml version="1.0" encoding="UTF-8" ?>
<testsuite failures="0" time="0.031" errors="0" skipped="0" tests="1" name="cm.uestc.mt.hellospring.AppTest">
  <properties>
    <property name="java.runtime.name" value="Java(TM) SE Runtime Environment"/>
    <property name="sun.boot.library.path" value="E:\installsoft\Java\jdk1.6.0_10\jre\bin"/>
    <property name="java.vm.version" value="11.0-b15"/>
    <property name="java.vm.vendor" value="Sun Microsystems Inc."/>
    <property name="java.vendor.url" value="http://java.sun.com/"/>
    <property name="path.separator" value=";"/>
    <property name="guice.disable.misplaced.annotation.check" value="true"/>
    <property name="java.vm.name" value="Java HotSpot(TM) Client VM"/>
    <property name="file.encoding.pkg" value="sun.io"/>
    <property name="user.country" value="CN"/>
    <property name="sun.java.launcher" value="SUN_STANDARD"/>
    <property name="sun.os.patch.level" value="Service Pack 3"/>
    <property name="java.vm.specification.name" value="Java Virtual Machine Specification"/>
    <property name="user.dir" value="E:\Users\uestc-tao\workspace\hellospring"/>
    <property name="java.runtime.version" value="1.6.0_10-b33"/>
    <property name="java.awt.graphicsenv" value="sun.awt.Win32GraphicsEnvironment"/>
    <property name="java.endorsed.dirs" value="E:\installsoft\Java\jdk1.6.0_10\jre\lib\endorsed"/>
    <property name="os.arch" value="x86"/>
    <property name="java.io.tmpdir" value="D:\DOCUME~1\luotao\LOCALS~1\Temp\"/>
    <property name="line.separator" value="
"/>
    <property name="java.vm.specification.vendor" value="Sun Microsystems Inc."/>
    <property name="user.variant" value=""/>
    <property name="os.name" value="Windows XP"/>
    <property name="classworlds.conf" value="E:\Users\uestc-tao\workspace\.metadata\.plugins\org.eclipse.m2e.core\launches\m2conf15613.tmp"/>
    <property name="sun.jnu.encoding" value="GBK"/>
    <property name="java.library.path" value="E:\installsoft\Java\jdk1.6.0_10\bin;.;D:\windows\Sun\Java\bin;D:\windows\system32;D:\windows;E:/installsoft/Java/jdk1.6.0_10/bin/../jre/bin/client;E:/installsoft/Java/jdk1.6.0_10/bin/../jre/bin;E:/installsoft/Java/jdk1.6.0_10/bin/../jre/lib/i386;D:\windows\system32;D:\windows;D:\windows\System32\Wbem;C:\Program Files\Android\android-sdk-windows\platform-tools;D:\Program Files\Common Files\Lenovo;E:\tool\php;D:\Program Files\Common Files\Thunder Network\KanKan\Codecs;E:\installsoft\Java\jdk1.6.0_10\bin;D:\Program Files\MySQL\MySQL Server 5.5\bin;D:\Program Files\ThinkPad\ConnectUtilities;D:\cygwin\bin;E:\softinstall\VC\Tools\WinNT;E:\softinstall\VC\MSDev98\Bin;E:\softinstall\VC\Tools;E:\softinstall\VC98\bin;D:\Documents and Settings\luotao\My Documents\Borland Studio Projects\Bpl;E:\installsoft\sshsecure;F:\android\android-sdk-windows\platform-tools;E:\softinstall\cygwin\bin;E:\installsoft\gradle-1.0-milestone-3\bin;E:\installsoft\apache-maven-3.0.4\bin;E:\installsoft\Git\bin;;E:\tool\eclipse-java-indigo;"/>
    <property name="java.specification.name" value="Java Platform API Specification"/>
    <property name="java.class.version" value="50.0"/>
    <property name="sun.management.compiler" value="HotSpot Client Compiler"/>
    <property name="os.version" value="5.1"/>
    <property name="user.home" value="D:\Documents and Settings\luotao"/>
    <property name="user.timezone" value="Asia/Shanghai"/>
    <property name="java.awt.printerjob" value="sun.awt.windows.WPrinterJob"/>
    <property name="file.encoding" value="GBK"/>
    <property name="java.specification.version" value="1.6"/>
    <property name="user.name" value="luotao"/>
    <property name="java.class.path" value="E:\installsoft\apache-maven-3.0.4\boot\plexus-classworlds-2.4.jar"/>
    <property name="java.vm.specification.version" value="1.0"/>
    <property name="sun.arch.data.model" value="32"/>
    <property name="java.home" value="E:\installsoft\Java\jdk1.6.0_10\jre"/>
    <property name="java.specification.vendor" value="Sun Microsystems Inc."/>
    <property name="user.language" value="zh"/>
    <property name="awt.toolkit" value="sun.awt.windows.WToolkit"/>
    <property name="java.vm.info" value="mixed mode, sharing"/>
    <property name="java.version" value="1.6.0_10"/>
    <property name="java.ext.dirs" value="E:\installsoft\Java\jdk1.6.0_10\jre\lib\ext;D:\windows\Sun\Java\lib\ext"/>
    <property name="sun.boot.class.path" value="E:\installsoft\Java\jdk1.6.0_10\jre\lib\resources.jar;E:\installsoft\Java\jdk1.6.0_10\jre\lib\rt.jar;E:\installsoft\Java\jdk1.6.0_10\jre\lib\sunrsasign.jar;E:\installsoft\Java\jdk1.6.0_10\jre\lib\jsse.jar;E:\installsoft\Java\jdk1.6.0_10\jre\lib\jce.jar;E:\installsoft\Java\jdk1.6.0_10\jre\lib\charsets.jar;E:\installsoft\Java\jdk1.6.0_10\jre\classes"/>
    <property name="java.vendor" value="Sun Microsystems Inc."/>
    <property name="maven.home" value="E:\installsoft\apache-maven-3.0.4"/>
    <property name="file.separator" value="\"/>
    <property name="java.vendor.url.bug" value="http://java.sun.com/cgi-bin/bugreport.cgi"/>
    <property name="sun.cpu.endian" value="little"/>
    <property name="sun.io.unicode.encoding" value="UnicodeLittle"/>
    <property name="sun.desktop" value="windows"/>
    <property name="sun.cpu.isalist" value="pentium_pro+mmx pentium_pro pentium+mmx pentium i486 i386 i86"/>
  </properties>
  <testcase time="0" classname="cm.uestc.mt.hellospring.AppTest" name="testApp"/>
</testsuite>